   Compiling backend v0.1.0 (/app/rust_flutter/backend)
warning: struct `Issue` is never constructed
 --> src/domain/models.rs:5:12
  |
5 | pub struct Issue {
  |            ^^^^^
  |
  = note: `#[warn(dead_code)]` (part of `#[warn(unused)]`) on by default

warning: struct `Workspace` is never constructed
  --> src/domain/models.rs:16:12
   |
16 | pub struct Workspace {
   |            ^^^^^^^^^

warning: struct `RunAttempt` is never constructed
  --> src/domain/models.rs:23:12
   |
23 | pub struct RunAttempt {
   |            ^^^^^^^^^^

warning: struct `LiveSession` is never constructed
  --> src/domain/models.rs:32:12
   |
32 | pub struct LiveSession {
   |            ^^^^^^^^^^^

warning: struct `RetryEntry` is never constructed
  --> src/domain/models.rs:40:12
   |
40 | pub struct RetryEntry {
   |            ^^^^^^^^^^

warning: struct `AgentRunner` is never constructed
 --> src/execution/runner.rs:7:12
  |
7 | pub struct AgentRunner;
  |            ^^^^^^^^^^^

warning: associated function `run_agent` is never used
  --> src/execution/runner.rs:10:18
   |
 9 | impl AgentRunner {
   | ---------------- associated function in this implementation
10 |     pub async fn run_agent(workspace_path: &Path, gemini_command: &str) -> std::io::Result<()> {
   |                  ^^^^^^^^^

warning: enum `WorkspaceError` is never used
 --> src/execution/workspace.rs:9:10
  |
9 | pub enum WorkspaceError {
  |          ^^^^^^^^^^^^^^

warning: struct `WorkspaceManager` is never constructed
  --> src/execution/workspace.rs:19:12
   |
19 | pub struct WorkspaceManager {
   |            ^^^^^^^^^^^^^^^^

warning: associated items `new`, `sanitize_workspace_key`, and `create_workspace` are never used
  --> src/execution/workspace.rs:24:12
   |
23 | impl WorkspaceManager {
   | --------------------- associated items in this implementation
24 |     pub fn new<P: AsRef<Path>>(workspace_root: P) -> Self {
   |            ^^^
...
30 |     pub fn sanitize_workspace_key(identifier: &str) -> String {
   |            ^^^^^^^^^^^^^^^^^^^^^^
...
35 |     pub fn create_workspace(&self, issue: &Issue) -> Result<Workspace, WorkspaceError> {
   |            ^^^^^^^^^^^^^^^^

warning: field `issue_id` is never read
  --> src/orchestrator/engine.rs:13:9
   |
12 | pub struct ActiveSession {
   |            ------------- field in this struct
13 |     pub issue_id: String,
   |         ^^^^^^^^
   |
   = note: `ActiveSession` has a derived impl for the trait `Debug`, but this is intentionally ignored during dead code analysis

warning: fields `max_concurrent_agents`, `stall_timeout_ms`, and `max_retry_backoff_ms` are never read
  --> src/orchestrator/engine.rs:23:9
   |
18 | pub struct OrchestratorEngine {
   |            ------------------ fields in this struct
...
23 |     pub max_concurrent_agents: usize,
   |         ^^^^^^^^^^^^^^^^^^^^^
24 |     pub stall_timeout_ms: i64,
   |         ^^^^^^^^^^^^^^^^
25 |     pub max_retry_backoff_ms: i64,
   |         ^^^^^^^^^^^^^^^^^^^^

warning: methods `try_claim`, `start_issue`, and `finish_issue` are never used
  --> src/orchestrator/engine.rs:42:12
   |
41 | impl OrchestratorEngine {
   | ----------------------- methods in this implementation
42 |     pub fn try_claim(&mut self, issue_id: &str) -> bool {
   |            ^^^^^^^^^
...
50 |     pub fn start_issue(&mut self, issue_id: &str) -> bool {
   |            ^^^^^^^^^^^
...
71 |     pub fn finish_issue(&mut self, issue_id: &str) {
   |            ^^^^^^^^^^^^

warning: methods `heartbeat` and `detect_stalls` are never used
  --> src/orchestrator/engine.rs:79:12
   |
78 | impl OrchestratorEngine {
   | ----------------------- methods in this implementation
79 |     pub fn heartbeat(&mut self, issue_id: &str) {
   |            ^^^^^^^^^
...
85 |     pub fn detect_stalls(&mut self) -> Vec<String> {
   |            ^^^^^^^^^^^^^

warning: method `handle_exit` is never used
   --> src/orchestrator/engine.rs:104:12
    |
103 | impl OrchestratorEngine {
    | ----------------------- method in this implementation
104 |     pub fn handle_exit(&mut self, issue_id: &str, abnormal: bool) {
    |            ^^^^^^^^^^^

warning: method `poll` is never used
   --> src/orchestrator/engine.rs:128:12
    |
127 | impl OrchestratorEngine {
    | ----------------------- method in this implementation
128 |     pub fn poll(&mut self, candidate_issues: Vec<Issue>) -> Vec<String> {
    |            ^^^^

warning: enum `TrackerError` is never used
 --> src/tracker/obsidian.rs:8:10
  |
8 | pub enum TrackerError {
  |          ^^^^^^^^^^^^

warning: struct `Frontmatter` is never constructed
  --> src/tracker/obsidian.rs:27:12
   |
27 | pub struct Frontmatter {
   |            ^^^^^^^^^^^

warning: function `fetch_candidate_issues` is never used
  --> src/tracker/obsidian.rs:34:8
   |
34 | pub fn fetch_candidate_issues(
   |        ^^^^^^^^^^^^^^^^^^^^^^

warning: `backend` (bin "backend") generated 19 warnings
    Finished `dev` profile [unoptimized + debuginfo] target(s) in 2.44s
     Running `target/debug/backend`
Symphony Automation Service Starting...
Workflow document "WORKFLOW.md" not found, using default configuration.
Listening on http://0.0.0.0:3000
